# JRE version: OpenJDK Runtime Environment (8.0_51-b16) (build 1.8.0_51-b16)
# Java VM: OpenJDK Server VM (25.51-b03 mixed mode linux-x86 )
Heap:
 PSYoungGen      total 216576K, used 40412K [0x91ac0000, 0xa7000000, 0xa7000000)
  eden space 116480K, 34% used [0x91ac0000,0x94237268,0x98c80000)
  from space 100096K, 0% used [0xa0e40000,0xa0e40000,0xa7000000)
  to   space 116480K, 0% used [0x98c80000,0x98c80000,0x9fe40000)
 ParOldGen       total 182528K, used 182512K [0x67000000, 0x72240000, 0x91ac0000)
  object space 182528K, 99% used [0x67000000,0x7223c078,0x72240000)
 Metaspace       used 75791K, capacity 79613K, committed 79616K, reserved 80176K
GC Heap History (10 events):
Event: 486.526 GC heap after
Heap after GC invocations=30 (full 7):
 PSYoungGen      total 262400K, used 61429K [0x91ac0000, 0xa7000000, 0xa7000000)
  eden space 186880K, 0% used [0x91ac0000,0x91ac0000,0x9d140000)
  from space 75520K, 81% used [0x9d140000,0xa0d3d6f0,0xa1b00000)
  to   space 82688K, 0% used [0xa1f40000,0xa1f40000,0xa7000000)
 ParOldGen       total 182528K, used 118525K [0x67000000, 0x72240000, 0x91ac0000)
  object space 182528K, 64% used [0x67000000,0x6e3bf5d0,0x72240000)
 Metaspace       used 63684K, capacity 66886K, committed 66944K, reserved 67888K
}
Event: 488.548 GC heap before
{Heap before GC invocations=31 (full 7):
 PSYoungGen      total 262400K, used 248309K [0x91ac0000, 0xa7000000, 0xa7000000)
  eden space 186880K, 100% used [0x91ac0000,0x9d140000,0x9d140000)
  from space 75520K, 81% used [0x9d140000,0xa0d3d6f0,0xa1b00000)
  to   space 82688K, 0% used [0xa1f40000,0xa1f40000,0xa7000000)
 ParOldGen       total 182528K, used 118525K [0x67000000, 0x72240000, 0x91ac0000)
  object space 182528K, 64% used [0x67000000,0x6e3bf5d0,0x72240000)
 Metaspace       used 67942K, capacity 71283K, committed 71296K, reserved 71984K
Event: 488.669 GC heap after
Heap after GC invocations=31 (full 7):
 PSYoungGen      total 240128K, used 82557K [0x91ac0000, 0xa7000000, 0xa7000000)
  eden space 157440K, 0% used [0x91ac0000,0x91ac0000,0x9b480000)
  from space 82688K, 99% used [0xa1f40000,0xa6fdf7f8,0xa7000000)
  to   space 96000K, 0% used [0x9b480000,0x9b480000,0xa1240000)
 ParOldGen       total 182528K, used 118529K [0x67000000, 0x72240000, 0x91ac0000)
  object space 182528K, 64% used [0x67000000,0x6e3c05d0,0x72240000)
 Metaspace       used 67942K, capacity 71283K, committed 71296K, reserved 71984K
}
Event: 618.408 GC heap before
{Heap before GC invocations=32 (full 7):
 PSYoungGen      total 240128K, used 239997K [0x91ac0000, 0xa7000000, 0xa7000000)
  eden space 157440K, 100% used [0x91ac0000,0x9b480000,0x9b480000)
  from space 82688K, 99% used [0xa1f40000,0xa6fdf7f8,0xa7000000)
  to   space 96000K, 0% used [0x9b480000,0x9b480000,0xa1240000)
 ParOldGen       total 182528K, used 118529K [0x67000000, 0x72240000, 0x91ac0000)
  object space 182528K, 64% used [0x67000000,0x6e3c05d0,0x72240000)
 Metaspace       used 71186K, capacity 74800K, committed 74880K, reserved 75056K
Event: 618.545 GC heap after
Heap after GC invocations=32 (full 7):
 PSYoungGen      total 249344K, used 91730K [0x91ac0000, 0xa7000000, 0xa7000000)
  eden space 157440K, 0% used [0x91ac0000,0x91ac0000,0x9b480000)
  from space 91904K, 99% used [0x9b480000,0xa0e14990,0xa0e40000)
  to   space 100096K, 0% used [0xa0e40000,0xa0e40000,0xa7000000)
 ParOldGen       total 182528K, used 118533K [0x67000000, 0x72240000, 0x91ac0000)
  object space 182528K, 64% used [0x67000000,0x6e3c15d0,0x72240000)
 Metaspace       used 71186K, capacity 74800K, committed 74880K, reserved 75056K
}
Event: 623.690 GC heap before
{Heap before GC invocations=33 (full 7):
 PSYoungGen      total 249344K, used 213943K [0x91ac0000, 0xa7000000, 0xa7000000)
  eden space 157440K, 77% used [0x91ac0000,0x992195b0,0x9b480000)
  from space 91904K, 99% used [0x9b480000,0xa0e14990,0xa0e40000)
  to   space 100096K, 0% used [0xa0e40000,0xa0e40000,0xa7000000)
 ParOldGen       total 182528K, used 118533K [0x67000000, 0x72240000, 0x91ac0000)
  object space 182528K, 64% used [0x67000000,0x6e3c15d0,0x72240000)
 Metaspace       used 72974K, capacity 76649K, committed 76672K, reserved 77104K
Event: 623.788 GC heap after
Heap after GC invocations=33 (full 7):
 PSYoungGen      total 216576K, used 94409K [0x91ac0000, 0xa7000000, 0xa7000000)
  eden space 116480K, 0% used [0x91ac0000,0x91ac0000,0x98c80000)
  from space 100096K, 94% used [0xa0e40000,0xa6a72558,0xa7000000)
  to   space 116480K, 0% used [0x98c80000,0x98c80000,0x9fe40000)
 ParOldGen       total 182528K, used 118537K [0x67000000, 0x72240000, 0x91ac0000)
  object space 182528K, 64% used [0x67000000,0x6e3c25d0,0x72240000)
 Metaspace       used 72974K, capacity 76649K, committed 76672K, reserved 77104K
}
Event: 623.788 GC heap before
{Heap before GC invocations=34 (full 8):
 PSYoungGen      total 216576K, used 94409K [0x91ac0000, 0xa7000000, 0xa7000000)
  eden space 116480K, 0% used [0x91ac0000,0x91ac0000,0x98c80000)
  from space 100096K, 94% used [0xa0e40000,0xa6a72558,0xa7000000)
  to   space 116480K, 0% used [0x98c80000,0x98c80000,0x9fe40000)
 ParOldGen       total 182528K, used 118537K [0x67000000, 0x72240000, 0x91ac0000)
  object space 182528K, 64% used [0x67000000,0x6e3c25d0,0x72240000)
 Metaspace       used 72974K, capacity 76649K, committed 76672K, reserved 77104K
Event: 624.618 GC heap after
Heap after GC invocations=34 (full 8):
 PSYoungGen      total 216576K, used 26817K [0x91ac0000, 0xa7000000, 0xa7000000)
  eden space 116480K, 0% used [0x91ac0000,0x91ac0000,0x98c80000)
  from space 100096K, 26% used [0xa0e40000,0xa2870788,0xa7000000)
  to   space 116480K, 0% used [0x98c80000,0x98c80000,0x9fe40000)
 ParOldGen       total 182528K, used 182456K [0x67000000, 0x72240000, 0x91ac0000)
  object space 182528K, 99% used [0x67000000,0x7222e118,0x72240000)
 Metaspace       used 72974K, capacity 76649K, committed 76672K, reserved 77104K
}
Event: 641.544 GC heap before
{Heap before GC invocations=35 (full 9):
 PSYoungGen      total 216576K, used 143297K [0x91ac0000, 0xa7000000, 0xa7000000)
  eden space 116480K, 100% used [0x91ac0000,0x98c80000,0x98c80000)
  from space 100096K, 26% used [0xa0e40000,0xa2870788,0xa7000000)
  to   space 116480K, 0% used [0x98c80000,0x98c80000,0x9fe40000)
 ParOldGen       total 182528K, used 182456K [0x67000000, 0x72240000, 0x91ac0000)
  object space 182528K, 99% used [0x67000000,0x7222e118,0x72240000)
 Metaspace       used 75791K, capacity 79613K, committed 79616K, reserved 80176K

