# JRE version: OpenJDK Runtime Environment (8.0_51-b16) (build 1.8.0_51-b16)
# Java VM: OpenJDK Server VM (25.51-b03 mixed mode linux-x86 )
Heap:
 PSYoungGen      total 72192K, used 7166K [0x91ac0000, 0x968c0000, 0xa7000000)
  eden space 65024K, 0% used [0x91ac0000,0x91ac0000,0x95a40000)
  from space 7168K, 99% used [0x95a40000,0x9613f980,0x96140000)
  to   space 6656K, 0% used [0x96140000,0x96140000,0x967c0000)
 ParOldGen       total 22016K, used 12048K [0x67000000, 0x68580000, 0x91ac0000)
  object space 22016K, 54% used [0x67000000,0x67bc4020,0x68580000)
 Metaspace       used 16099K, capacity 16369K, committed 16384K, reserved 16688K
GC Heap History (10 events):
Event: 0.782 GC heap after
Heap after GC invocations=2 (full 0):
 PSYoungGen      total 17664K, used 1269K [0x91ac0000, 0x92d40000, 0xa7000000)
  eden space 16384K, 0% used [0x91ac0000,0x91ac0000,0x92ac0000)
  from space 1280K, 99% used [0x92c00000,0x92d3d7a0,0x92d40000)
  to   space 1280K, 0% used [0x92ac0000,0x92ac0000,0x92c00000)
 ParOldGen       total 22016K, used 1546K [0x67000000, 0x68580000, 0x91ac0000)
  object space 22016K, 7% used [0x67000000,0x671828b0,0x68580000)
 Metaspace       used 4160K, capacity 4202K, committed 4248K, reserved 4400K
}
Event: 1.046 GC heap before
{Heap before GC invocations=3 (full 0):
 PSYoungGen      total 17664K, used 17653K [0x91ac0000, 0x92d40000, 0xa7000000)
  eden space 16384K, 100% used [0x91ac0000,0x92ac0000,0x92ac0000)
  from space 1280K, 99% used [0x92c00000,0x92d3d7a0,0x92d40000)
  to   space 1280K, 0% used [0x92ac0000,0x92ac0000,0x92c00000)
 ParOldGen       total 22016K, used 1546K [0x67000000, 0x68580000, 0x91ac0000)
  object space 22016K, 7% used [0x67000000,0x671828b0,0x68580000)
 Metaspace       used 4855K, capacity 4914K, committed 5016K, reserved 5424K
Event: 1.051 GC heap after
Heap after GC invocations=3 (full 0):
 PSYoungGen      total 17664K, used 1277K [0x91ac0000, 0x93d40000, 0xa7000000)
  eden space 16384K, 0% used [0x91ac0000,0x91ac0000,0x92ac0000)
  from space 1280K, 99% used [0x92ac0000,0x92bff720,0x92c00000)
  to   space 1280K, 0% used [0x93c00000,0x93c00000,0x93d40000)
 ParOldGen       total 22016K, used 2988K [0x67000000, 0x68580000, 0x91ac0000)
  object space 22016K, 13% used [0x67000000,0x672eb378,0x68580000)
 Metaspace       used 4855K, capacity 4914K, committed 5016K, reserved 5424K
}
Event: 1.480 GC heap before
{Heap before GC invocations=4 (full 0):
 PSYoungGen      total 17664K, used 17661K [0x91ac0000, 0x93d40000, 0xa7000000)
  eden space 16384K, 100% used [0x91ac0000,0x92ac0000,0x92ac0000)
  from space 1280K, 99% used [0x92ac0000,0x92bff720,0x92c00000)
  to   space 1280K, 0% used [0x93c00000,0x93c00000,0x93d40000)
 ParOldGen       total 22016K, used 2988K [0x67000000, 0x68580000, 0x91ac0000)
  object space 22016K, 13% used [0x67000000,0x672eb378,0x68580000)
 Metaspace       used 6501K, capacity 6564K, committed 6680K, reserved 7472K
Event: 1.484 GC heap after
Heap after GC invocations=4 (full 0):
 PSYoungGen      total 34048K, used 1277K [0x91ac0000, 0x93d40000, 0xa7000000)
  eden space 32768K, 0% used [0x91ac0000,0x91ac0000,0x93ac0000)
  from space 1280K, 99% used [0x93c00000,0x93d3f700,0x93d40000)
  to   space 1280K, 0% used [0x93ac0000,0x93ac0000,0x93c00000)
 ParOldGen       total 22016K, used 5004K [0x67000000, 0x68580000, 0x91ac0000)
  object space 22016K, 22% used [0x67000000,0x674e3190,0x68580000)
 Metaspace       used 6501K, capacity 6564K, committed 6680K, reserved 7472K
}
Event: 2.228 GC heap before
{Heap before GC invocations=5 (full 0):
 PSYoungGen      total 34048K, used 34045K [0x91ac0000, 0x93d40000, 0xa7000000)
  eden space 32768K, 100% used [0x91ac0000,0x93ac0000,0x93ac0000)
  from space 1280K, 99% used [0x93c00000,0x93d3f700,0x93d40000)
  to   space 1280K, 0% used [0x93ac0000,0x93ac0000,0x93c00000)
 ParOldGen       total 22016K, used 5004K [0x67000000, 0x68580000, 0x91ac0000)
  object space 22016K, 22% used [0x67000000,0x674e3190,0x68580000)
 Metaspace       used 10431K, capacity 10508K, committed 10520K, reserved 10544K
Event: 2.239 GC heap after
Heap after GC invocations=5 (full 0):
 PSYoungGen      total 34048K, used 1274K [0x91ac0000, 0x967c0000, 0xa7000000)
  eden space 32768K, 0% used [0x91ac0000,0x91ac0000,0x93ac0000)
  from space 1280K, 99% used [0x93ac0000,0x93bfeaf0,0x93c00000)
  to   space 6656K, 0% used [0x96140000,0x96140000,0x967c0000)
 ParOldGen       total 22016K, used 10714K [0x67000000, 0x68580000, 0x91ac0000)
  object space 22016K, 48% used [0x67000000,0x67a76bd8,0x68580000)
 Metaspace       used 10431K, capacity 10508K, committed 10520K, reserved 10544K
}
Event: 3.034 GC heap before
{Heap before GC invocations=6 (full 0):
 PSYoungGen      total 34048K, used 34042K [0x91ac0000, 0x967c0000, 0xa7000000)
  eden space 32768K, 100% used [0x91ac0000,0x93ac0000,0x93ac0000)
  from space 1280K, 99% used [0x93ac0000,0x93bfeaf0,0x93c00000)
  to   space 6656K, 0% used [0x96140000,0x96140000,0x967c0000)
 ParOldGen       total 22016K, used 10714K [0x67000000, 0x68580000, 0x91ac0000)
  object space 22016K, 48% used [0x67000000,0x67a76bd8,0x68580000)
 Metaspace       used 13452K, capacity 13706K, committed 13848K, reserved 14640K
Event: 3.045 GC heap after
Heap after GC invocations=6 (full 0):
 PSYoungGen      total 71680K, used 5094K [0x91ac0000, 0x968c0000, 0xa7000000)
  eden space 65024K, 0% used [0x91ac0000,0x91ac0000,0x95a40000)
  from space 6656K, 76% used [0x96140000,0x96639b48,0x967c0000)
  to   space 7168K, 0% used [0x95a40000,0x95a40000,0x96140000)
 ParOldGen       total 22016K, used 10718K [0x67000000, 0x68580000, 0x91ac0000)
  object space 22016K, 48% used [0x67000000,0x67a77bd8,0x68580000)
 Metaspace       used 13452K, capacity 13706K, committed 13848K, reserved 14640K
}
Event: 4.091 GC heap before
{Heap before GC invocations=7 (full 0):
 PSYoungGen      total 71680K, used 58344K [0x91ac0000, 0x968c0000, 0xa7000000)
  eden space 65024K, 81% used [0x91ac0000,0x94ec05d0,0x95a40000)
  from space 6656K, 76% used [0x96140000,0x96639b48,0x967c0000)
  to   space 7168K, 0% used [0x95a40000,0x95a40000,0x96140000)
 ParOldGen       total 22016K, used 10718K [0x67000000, 0x68580000, 0x91ac0000)
  object space 22016K, 48% used [0x67000000,0x67a77bd8,0x68580000)
 Metaspace       used 16099K, capacity 16369K, committed 16384K, reserved 16688K

